<?xml version="1.0" encoding="UTF-8"?>
<!-- Generated by org.testng.reporters.JUnitReportReporter -->
<testsuite hostname="LAPTOP-2VUVNRGK" failures="0" tests="1" name="GroupStudy.exam" time="10.795" errors="0" timestamp="2023-02-06T00:07:37 CET" skipped="0">
  <testcase classname="GroupStudy.exam" name="ebay1" time="10.795"/>
  <system-out/>
</testsuite> <!-- GroupStudy.exam -->
