<?xml version="1.0" encoding="UTF-8"?>
<!-- Generated by org.testng.reporters.JUnitReportReporter -->
<testsuite hostname="LAPTOP-2VUVNRGK" failures="0" tests="1" name="GroupStudy.CalenderAndScroll" time="21.521" errors="0" timestamp="2023-02-18T20:52:16 CET" skipped="0">
  <testcase classname="GroupStudy.CalenderAndScroll" name="SouthEastCalender" time="21.521"/>
  <system-out/>
</testsuite> <!-- GroupStudy.CalenderAndScroll -->
