<?xml version="1.0" encoding="UTF-8"?>
<!-- Generated by org.testng.reporters.JUnitReportReporter -->
<testsuite hostname="LAPTOP-2VUVNRGK" failures="0" tests="1" name="GroupStudy.mouseOver" time="19.570" errors="0" timestamp="2023-02-05T21:01:45 CET" skipped="0">
  <testcase classname="GroupStudy.mouseOver" name="amazonmouseOver" time="19.570"/>
  <system-out/>
</testsuite> <!-- GroupStudy.mouseOver -->
