<?xml version="1.0" encoding="UTF-8"?>
<!-- Generated by org.testng.reporters.JUnitReportReporter -->
<testsuite hostname="LAPTOP-2VUVNRGK" failures="0" tests="1" name="GroupStudy.FrameHandle" time="30.209" errors="0" timestamp="2023-02-18T20:11:33 CET" skipped="0">
  <testcase classname="GroupStudy.FrameHandle" name="pacchexFrameHandle" time="30.209"/>
  <system-out/>
</testsuite> <!-- GroupStudy.FrameHandle -->
