<?xml version="1.0" encoding="UTF-8"?>
<!-- Generated by org.testng.reporters.JUnitReportReporter -->
<testsuite hostname="LAPTOP-2VUVNRGK" failures="0" tests="1" name="GroupStudy.Browsersetup" time="18.949" errors="0" timestamp="2023-02-04T20:49:39 CET" skipped="0">
  <testcase classname="GroupStudy.Browsersetup" name="amzonBrowser" time="18.949"/>
  <system-out/>
</testsuite> <!-- GroupStudy.Browsersetup -->
